0 info it worked if it ends with ok
1 verbose cli [ 'C:\\Program Files\\nodejs\\\\node.exe',
1 verbose cli   'C:\\Program Files\\nodejs\\node_modules\\npm\\bin\\npm-cli.js',
1 verbose cli   'publish' ]
2 info using npm@2.10.1
3 info using node@v0.12.4
4 warn invalid config registry=""
5 warn invalid config Must be a full url with 'http://'
6 verbose publish [ '.' ]
7 silly cache add args [ '.', null ]
8 verbose cache add spec .
9 silly cache add parsed spec { raw: '.',
9 silly cache add   scope: null,
9 silly cache add   name: null,
9 silly cache add   rawSpec: '.',
9 silly cache add   spec: 'C:\\Users\\lcj\\Documents\\GitHub\\learningnode\\packdemo',
9 silly cache add   type: 'directory' }
10 verbose addLocalDirectory C:\Users\lcj\AppData\Roaming\npm-cache\hello\0.0.1\package.tgz not in flight; packing
11 verbose tar pack [ 'C:\\Users\\lcj\\AppData\\Roaming\\npm-cache\\hello\\0.0.1\\package.tgz',
11 verbose tar pack   'C:\\Users\\lcj\\Documents\\GitHub\\learningnode\\packdemo' ]
12 verbose tarball C:\Users\lcj\AppData\Roaming\npm-cache\hello\0.0.1\package.tgz
13 verbose folder C:\Users\lcj\Documents\GitHub\learningnode\packdemo
14 info prepublish hello@0.0.1
15 verbose addLocalTarball adding from inside cache C:\Users\lcj\AppData\Roaming\npm-cache\hello\0.0.1\package.tgz
16 silly cache afterAdd hello@0.0.1
17 verbose afterAdd C:\Users\lcj\AppData\Roaming\npm-cache\hello\0.0.1\package\package.json not in flight; writing
18 verbose afterAdd C:\Users\lcj\AppData\Roaming\npm-cache\hello\0.0.1\package\package.json written
19 silly publish { name: 'hello',
19 silly publish   version: '0.0.1',
19 silly publish   main: 'hello.js',
19 silly publish   readme: 'ERROR: No README data found!',
19 silly publish   _id: 'hello@0.0.1',
19 silly publish   scripts: {},
19 silly publish   _shasum: '5b35ca661fc184151875a0f9d6ab745ed1554df7',
19 silly publish   _from: '.' }
20 verbose getPublishConfig undefined
21 silly mapToRegistry name hello
22 silly mapToRegistry using default registry
23 silly mapToRegistry registry https://registry.npmjs.org/
24 silly mapToRegistry uri https://registry.npmjs.org/hello
25 verbose publish registryBase https://registry.npmjs.org/
26 silly publish uploading C:\Users\lcj\AppData\Roaming\npm-cache\hello\0.0.1\package.tgz
27 verbose request uri https://registry.npmjs.org/hello
28 verbose request sending authorization for write operation
29 info attempt registry request try #1 at 14:04:31
30 verbose request using bearer token for auth
31 verbose request id fd7895f7b0d1d450
32 http request PUT https://registry.npmjs.org/hello
33 http 403 https://registry.npmjs.org/hello
34 verbose headers { 'content-type': 'application/json',
34 verbose headers   'cache-control': 'max-age=60',
34 verbose headers   'content-length': '97',
34 verbose headers   'accept-ranges': 'bytes',
34 verbose headers   date: 'Mon, 15 Jun 2015 06:06:06 GMT',
34 verbose headers   via: '1.1 varnish',
34 verbose headers   connection: 'keep-alive',
34 verbose headers   'x-served-by': 'cache-sjc3132-SJC',
34 verbose headers   'x-cache': 'MISS',
34 verbose headers   'x-cache-hits': '0',
34 verbose headers   'x-timer': 'S1434348366.438208,VS0,VE297' }
35 verbose request invalidating C:\Users\lcj\AppData\Roaming\npm-cache\registry.npmjs.org\hello on PUT
36 error publish Failed PUT 403
37 verbose stack Error: You do not have permission to publish 'hello'. Are you logged in as the correct user? : hello
37 verbose stack     at CachingRegistryClient.<anonymous> (C:\Program Files\nodejs\node_modules\npm\node_modules\npm-registry-client\lib\request.js:247:14)
37 verbose stack     at Request._callback (C:\Program Files\nodejs\node_modules\npm\node_modules\npm-registry-client\lib\request.js:170:14)
37 verbose stack     at Request.self.callback (C:\Program Files\nodejs\node_modules\npm\node_modules\request\request.js:368:22)
37 verbose stack     at Request.emit (events.js:110:17)
37 verbose stack     at Request.<anonymous> (C:\Program Files\nodejs\node_modules\npm\node_modules\request\request.js:1219:14)
37 verbose stack     at Request.emit (events.js:129:20)
37 verbose stack     at IncomingMessage.<anonymous> (C:\Program Files\nodejs\node_modules\npm\node_modules\request\request.js:1167:12)
37 verbose stack     at IncomingMessage.emit (events.js:129:20)
37 verbose stack     at _stream_readable.js:908:16
37 verbose stack     at process._tickCallback (node.js:355:11)
38 verbose statusCode 403
39 verbose pkgid hello
40 verbose cwd C:\Users\lcj\Documents\GitHub\learningnode\packdemo
41 error Windows_NT 6.1.7601
42 error argv "C:\\Program Files\\nodejs\\\\node.exe" "C:\\Program Files\\nodejs\\node_modules\\npm\\bin\\npm-cli.js" "publish"
43 error node v0.12.4
44 error npm  v2.10.1
45 error code E403
46 error You do not have permission to publish 'hello'. Are you logged in as the correct user? : hello
47 error If you need help, you may report this error at:
47 error     <https://github.com/npm/npm/issues>
48 verbose exit [ 1, true ]
